<?xml version="1.0" encoding="UTF-8"?>
<!-- Generated by org.testng.reporters.JUnitReportReporter -->
<testsuite skipped="0" hostname="DEL1-LHP-N01938" name="com.searchmodule.test.SearchTest" tests="1" failures="0" timestamp="25 May 2020 18:00:46 GMT" time="10.329" errors="0">
  <testcase name="search" time="10.329" classname="com.searchmodule.test.SearchTest"/>
</testsuite> <!-- com.searchmodule.test.SearchTest -->
